<?xml version="1.0" encoding="UTF-8"?>
<testsuite xmlns:xsi="http://www.w3.org/2001/XMLSchema-instance" xsi:noNamespaceSchemaLocation="https://maven.apache.org/surefire/maven-surefire-plugin/xsd/surefire-test-report.xsd" name="TestSuite" time="188.293" tests="35" errors="0" skipped="9" failures="7">
  <properties>
[...]
</properties>
  <testcase name="setUp" classname="com.seleniumjavaautomation.tests.JavascriptExecutorTests" time="1.702">
    <failure message="&#10;Parameter &apos;browser&apos; is required by BeforeClass on method setUp but has not been marked @Optional or defined&#10;" type="org.testng.TestNGException">org.testng.TestNGException: 

Parameter 'browser' is required by BeforeClass on method setUp but has not been marked @Optional or defined

</failure>
    <system-err><![CDATA[SLF4J: Failed to load class "org.slf4j.impl.StaticLoggerBinder".
SLF4J: Defaulting to no-operation (NOP) logger implementation
SLF4J: See http://www.slf4j.org/codes.html#StaticLoggerBinder for further details.
]]></system-err>
  </testcase>
  <testcase name="testJSEPageTitle" classname="com.seleniumjavaautomation.tests.JavascriptExecutorTests" time="0">
    <skipped message="&#10;Parameter &apos;browser&apos; is required by BeforeClass on method setUp but has not been marked @Optional or defined&#10;"/>
  </testcase>
  <testcase name="testJSEDomainName" classname="com.seleniumjavaautomation.tests.JavascriptExecutorTests" time="0">
    <skipped message="&#10;Parameter &apos;browser&apos; is required by BeforeClass on method setUp but has not been marked @Optional or defined&#10;"/>
  </testcase>
  <testcase name="testJSEAlertGenerate" classname="com.seleniumjavaautomation.tests.JavascriptExecutorTests" time="0">
    <skipped message="&#10;Parameter &apos;browser&apos; is required by BeforeClass on method setUp but has not been marked @Optional or defined&#10;"/>
  </testcase>
  <testcase name="teatDown" classname="com.seleniumjavaautomation.tests.JavascriptExecutorTests" time="0">
    <skipped/>
  </testcase>
  <testcase name="setUp" classname="com.seleniumjavaautomation.tests.MouseHoverEventTest" time="0.005">
    <failure message="&#10;Parameter &apos;browser&apos; is required by BeforeClass on method setUp but has not been marked @Optional or defined&#10;" type="org.testng.TestNGException">org.testng.TestNGException: 

Parameter 'browser' is required by BeforeClass on method setUp but has not been marked @Optional or defined

</failure>
  </testcase>
  <testcase name="testGeneratingMouseHover" classname="com.seleniumjavaautomation.tests.MouseHoverEventTest" time="0">
    <skipped message="&#10;Parameter &apos;browser&apos; is required by BeforeClass on method setUp but has not been marked @Optional or defined&#10;"/>
  </testcase>
  <testcase name="teatDown" classname="com.seleniumjavaautomation.tests.MouseHoverEventTest" time="0">
    <skipped/>
  </testcase>
  <testcase name="setUp" classname="com.seleniumjavaautomation.tests.ObjRepoCalcTest" time="0.004">
    <failure message="&#10;Parameter &apos;browser&apos; is required by BeforeClass on method setUp but has not been marked @Optional or defined&#10;" type="org.testng.TestNGException">org.testng.TestNGException: 

Parameter 'browser' is required by BeforeClass on method setUp but has not been marked @Optional or defined

</failure>
  </testcase>
  <testcase name="testObjRepoCalcTest" classname="com.seleniumjavaautomation.tests.ObjRepoCalcTest" time="0">
    <skipped message="&#10;Parameter &apos;browser&apos; is required by BeforeClass on method setUp but has not been marked @Optional or defined&#10;"/>
  </testcase>
  <testcase name="teatDown" classname="com.seleniumjavaautomation.tests.ObjRepoCalcTest" time="0">
    <skipped/>
  </testcase>
  <testcase name="testAppurl" classname="org.seleniumjavaautomation.browserstest.BrowsersTest" time="5.859"/>
  <testcase name="testElementEnabled" classname="org.seleniumjavaautomation.browserstest.BrowsersTest" time="4.07"/>
  <testcase name="testSampleCal" classname="org.seleniumjavaautomation.browserstest.BrowsersTest" time="1.803"/>
  <testcase name="testCSSSelectorElementLoc" classname="org.seleniumjavaautomation.locators.ElementLocatorsTest" time="6.014"/>
  <testcase name="testClassNameElementLoc" classname="org.seleniumjavaautomation.locators.ElementLocatorsTest" time="2.169"/>
  <testcase name="testIDElementLoc" classname="org.seleniumjavaautomation.locators.ElementLocatorsTest" time="33.195"/>
  <testcase name="testNameElementLoc" classname="org.seleniumjavaautomation.locators.ElementLocatorsTest" time="2.214"/>
  <testcase name="testXpathElementLoc" classname="org.seleniumjavaautomation.locators.ElementLocatorsTest" time="1.091"/>
  <testcase name="testLinkTextElementLoc" classname="org.seleniumjavaautomation.locators.ElementLocatorsTest" time="3.444"/>
  <testcase name="testTagNameElementLoc" classname="org.seleniumjavaautomation.locators.ElementLocatorsTest" time="1.456"/>
  <testcase name="testMethodClass1 on testMethodClass1(org.seleniumjavaautomation.junit.Junittest1)" classname="org.seleniumjavaautomation.junit.Junittest1" time="12.708"/>
  <testcase name="testMethod1 on testMethod1(org.seleniumjavaautomation.junit.Junittest2)" classname="org.seleniumjavaautomation.junit.Junittest2" time="10.052"/>
  <testcase name="testMethod2 on testMethod2(org.seleniumjavaautomation.junit.Junittest2)" classname="org.seleniumjavaautomation.junit.Junittest2" time="9.183"/>
  <testcase name="testMethod3 on testMethod3(org.seleniumjavaautomation.junit.Junittest2)" classname="org.seleniumjavaautomation.junit.Junittest2" time="5.772"/>
  <testcase name="testMethod4 on testMethod4(org.seleniumjavaautomation.junit.Junittest2)" classname="org.seleniumjavaautomation.junit.Junittest2" time="0">
    <skipped/>
  </testcase>
  <testcase name="testMethod1 on testMethod1(org.seleniumjavaautomation.junit.JunitBCAC)" classname="org.seleniumjavaautomation.junit.JunitBCAC" time="2.301"/>
  <testcase name="testMethod2 on testMethod2(org.seleniumjavaautomation.junit.JunitBCAC)" classname="org.seleniumjavaautomation.junit.JunitBCAC" time="2.179"/>
  <testcase name="testMethod3 on testMethod3(org.seleniumjavaautomation.junit.JunitBCAC)" classname="org.seleniumjavaautomation.junit.JunitBCAC" time="0.156"/>
  <testcase name="testJunitTimeoutException on testJunitTimeoutException(org.seleniumjavaautomation.junit.JunitTimeoutAndEcpectedExceptionTest)" classname="org.seleniumjavaautomation.junit.JunitTimeoutAndEcpectedExceptionTest" time="5.648">
    <failure message="test timed out after 2000 milliseconds" type="java.lang.Exception">java.lang.Exception: test timed out after 2000 milliseconds
	at app//org.seleniumjavaautomation.junit.JunitTimeoutAndEcpectedExceptionTest.testJunitTimeoutException(JunitTimeoutAndEcpectedExceptionTest.java:44)
</failure>
    <system-out><![CDATA[Chrome browser closed
Chrome browser launched successfully
Chrome browser closed
]]></system-out>
    <system-err><![CDATA[Dec 16, 2023 7:59:08 PM org.openqa.selenium.devtools.CdpVersionFinder findNearestMatch
WARNING: Unable to find CDP implementation matching 120
Dec 16, 2023 7:59:08 PM org.openqa.selenium.chromium.ChromiumDriver lambda$new$5
WARNING: Unable to find version of CDP to use for 120.0.6099.72. You may need to include a dependency on a specific version of the CDP using something similar to `org.seleniumhq.selenium:selenium-devtools-v86:4.11.0` where the version ("v86") matches the version of the chromium-based browser you're using and the version number of the artifact is the same as Selenium's.
]]></system-err>
  </testcase>
  <testcase name="testJunitTimeoutException on testJunitTimeoutException(org.seleniumjavaautomation.junit.JunitTimeoutAndEcpectedExceptionTest)" classname="org.seleniumjavaautomation.junit.JunitTimeoutAndEcpectedExceptionTest" time="5.583">
    <failure message="test timed out after 2000 milliseconds" type="java.lang.Exception">java.lang.Exception: test timed out after 2000 milliseconds
	at app//org.seleniumjavaautomation.junit.JunitTimeoutAndEcpectedExceptionTest.testJunitTimeoutException(JunitTimeoutAndEcpectedExceptionTest.java:44)
</failure>
    <system-out><![CDATA[Chrome browser launched successfully
Chrome browser closed
]]></system-out>
    <system-err><![CDATA[Dec 16, 2023 7:59:21 PM org.openqa.selenium.devtools.CdpVersionFinder findNearestMatch
WARNING: Unable to find CDP implementation matching 120
Dec 16, 2023 7:59:21 PM org.openqa.selenium.chromium.ChromiumDriver lambda$new$5
WARNING: Unable to find version of CDP to use for 120.0.6099.72. You may need to include a dependency on a specific version of the CDP using something similar to `org.seleniumhq.selenium:selenium-devtools-v86:4.11.0` where the version ("v86") matches the version of the chromium-based browser you're using and the version number of the artifact is the same as Selenium's.
]]></system-err>
  </testcase>
  <testcase name="exceptiontest1 on exceptiontest1(org.seleniumjavaautomation.junit.JunitTimeoutAndEcpectedExceptionTest)" classname="org.seleniumjavaautomation.junit.JunitTimeoutAndEcpectedExceptionTest" time="3.607">
    <failure type="java.lang.NullPointerException">java.lang.NullPointerException
	at org.seleniumjavaautomation.junit.JunitTimeoutAndEcpectedExceptionTest.exceptiontest1(JunitTimeoutAndEcpectedExceptionTest.java:52)
</failure>
    <system-out><![CDATA[Chrome browser launched successfully
Chrome browser closed
]]></system-out>
    <system-err><![CDATA[Dec 16, 2023 7:59:14 PM org.openqa.selenium.devtools.CdpVersionFinder findNearestMatch
WARNING: Unable to find CDP implementation matching 120
Dec 16, 2023 7:59:14 PM org.openqa.selenium.chromium.ChromiumDriver lambda$new$5
WARNING: Unable to find version of CDP to use for 120.0.6099.72. You may need to include a dependency on a specific version of the CDP using something similar to `org.seleniumhq.selenium:selenium-devtools-v86:4.11.0` where the version ("v86") matches the version of the chromium-based browser you're using and the version number of the artifact is the same as Selenium's.
]]></system-err>
  </testcase>
  <testcase name="exceptiontest1 on exceptiontest1(org.seleniumjavaautomation.junit.JunitTimeoutAndEcpectedExceptionTest)" classname="org.seleniumjavaautomation.junit.JunitTimeoutAndEcpectedExceptionTest" time="3.547">
    <failure type="java.lang.NullPointerException">java.lang.NullPointerException
	at org.seleniumjavaautomation.junit.JunitTimeoutAndEcpectedExceptionTest.exceptiontest1(JunitTimeoutAndEcpectedExceptionTest.java:52)
</failure>
    <system-out><![CDATA[Chrome browser launched successfully
Chrome browser closed
]]></system-out>
    <system-err><![CDATA[Dec 16, 2023 7:59:26 PM org.openqa.selenium.devtools.CdpVersionFinder findNearestMatch
WARNING: Unable to find CDP implementation matching 120
Dec 16, 2023 7:59:26 PM org.openqa.selenium.chromium.ChromiumDriver lambda$new$5
WARNING: Unable to find version of CDP to use for 120.0.6099.72. You may need to include a dependency on a specific version of the CDP using something similar to `org.seleniumhq.selenium:selenium-devtools-v86:4.11.0` where the version ("v86") matches the version of the chromium-based browser you're using and the version number of the artifact is the same as Selenium's.
]]></system-err>
  </testcase>
  <testcase name="exceptiontest2 on exceptiontest2(org.seleniumjavaautomation.junit.JunitTimeoutAndEcpectedExceptionTest)" classname="org.seleniumjavaautomation.junit.JunitTimeoutAndEcpectedExceptionTest" time="3.701"/>
  <testcase name="exceptiontest2 on exceptiontest2(org.seleniumjavaautomation.junit.JunitTimeoutAndEcpectedExceptionTest)" classname="org.seleniumjavaautomation.junit.JunitTimeoutAndEcpectedExceptionTest" time="3.696"/>
</testsuite>