<?xml version="1.0" encoding="UTF-8"?>
<!-- Generated by org.testng.reporters.JUnitXMLReporter -->
<testsuite ignored="0" hostname="DESKTOP-60U4M33" failures="0" tests="6" name="Selenium Java Automation Test " time="43.893" errors="0" timestamp="2023-12-13T20:18:08 IST">
  <testcase classname="com.seleniumjavaautomation.tests.CaptueElementScreenshotOld" name="testCaptueElementScreenshotOld" time="4.226"/>
  <testcase classname="com.seleniumjavaautomation.tests.CaptueElementScreenshotNew" name="testCaptueElementScreenshotNew" time="3.713"/>
  <testcase classname="com.seleniumjavaautomation.tests.XpathPositionLastFunctions" name="testXpathPositionLastFunctions" time="1.787"/>
  <testcase classname="com.seleniumjavaautomation.tests.SetGetWindowPositionAndSize" name="getSizeAndPositionWindowDefault" time="6.056"/>
  <testcase classname="com.seleniumjavaautomation.tests.SetGetWindowPositionAndSize" name="setGetWinSize" time="6.326"/>
  <testcase classname="com.seleniumjavaautomation.tests.SetGetWindowPositionAndSize" name="setGetWinPosition" time="6.157"/>
</testsuite> <!-- Selenium Java Automation Test  -->
