<?xml version="1.0" encoding="UTF-8"?>
<!-- Generated by org.testng.reporters.JUnitXMLReporter -->
<testsuite ignored="0" hostname="DESKTOP-60U4M33" failures="0" tests="1" name="Selenium Java Automation Test " time="0.185" errors="0" timestamp="2023-11-22T19:03:07 IST">
  <testcase classname="com.seleniumjavaautomation.base.Baseclass" name="@BeforeClass setUp" time="-1.70065998764E9">
    <failure type="org.testng.TestNGException" message="
Can inject only one of &amp;lt;ITestContext, XmlTest&amp;gt; into a @BeforeClass annotated setUp.
For more information on native dependency injection please refer to https://testng.org/doc/documentation-main.html#native-dependency-injection">
      <![CDATA[org.testng.TestNGException: 
Can inject only one of <ITestContext, XmlTest> into a @BeforeClass annotated setUp.
For more information on native dependency injection please refer to https://testng.org/doc/documentation-main.html#native-dependency-injection
at java.base/java.util.ArrayList.forEach(ArrayList.java:1511)
... Removed 22 stack frames]]>
    </failure>
  </testcase> <!-- @BeforeClass setUp -->
  <testcase classname="com.seleniumjavaautomation.base.Baseclass" name="@AfterClass teatDown" time="0.0">
    <skipped/>
  </testcase> <!-- @AfterClass teatDown -->
  <testcase classname="com.seleniumjavaautomation.tests.HighlightElement" name="testHighlightElement" time="0.001">
    <skipped/>
  </testcase> <!-- testHighlightElement -->
</testsuite> <!-- Selenium Java Automation Test  -->
